app/build/intermediates/manifest_merge_blame_file/debug/manifest-merger-blame-debug-report.txt
1<?xml version="1.0" encoding="utf-8"?>
2<!--
3 Copyright (c) 2010-2011, The MiCode Open Source Community (www.micode.net)
4
5     Licensed under the Apache License, Version 2.0 (the "License");
6     you may not use this file except in compliance with the License.
7     You may obtain a copy of the License at
8
9          http://www.apache.org/licenses/LICENSE-2.0
10
11     Unless required by applicable law or agreed to in writing, software
12     distributed under the License is distributed on an "AS IS" BASIS,
13     WITHOUT WARRANTIES OR CONDITIONS OF ANY KIND, either express or implied.
14     See the License for the specific language governing permissions and
15     limitations under the License.
16-->
17<manifest xmlns:android="http://schemas.android.com/apk/res/android"
18    package="net.micode.notes"
19    android:versionCode="1"
20    android:versionName="0.1" >
21
22    <uses-sdk
22-->src\main\AndroidManifest.xml:24:5-44
23        android:minSdkVersion="14"
23-->src\main\AndroidManifest.xml:24:15-41
24        android:targetSdkVersion="29" />
25
26    <uses-permission android:name="android.permission.WRITE_EXTERNAL_STORAGE" />
26-->src\main\AndroidManifest.xml:27:5-81
26-->src\main\AndroidManifest.xml:27:22-78
27    <uses-permission android:name="com.android.launcher.permission.INSTALL_SHORTCUT" />
27-->src\main\AndroidManifest.xml:28:5-88
27-->src\main\AndroidManifest.xml:28:22-85
28    <!-- 连接网络权限，用于执行云端语音能力 -->
29    <uses-permission android:name="android.permission.INTERNET" />
29-->src\main\AndroidManifest.xml:30:5-67
29-->src\main\AndroidManifest.xml:30:22-64
30    <uses-permission android:name="android.permission.READ_CONTACTS" />
30-->src\main\AndroidManifest.xml:31:5-72
30-->src\main\AndroidManifest.xml:31:22-69
31    <uses-permission android:name="android.permission.MANAGE_ACCOUNTS" />
31-->src\main\AndroidManifest.xml:32:5-74
31-->src\main\AndroidManifest.xml:32:22-71
32    <uses-permission android:name="android.permission.AUTHENTICATE_ACCOUNTS" />
32-->src\main\AndroidManifest.xml:33:5-80
32-->src\main\AndroidManifest.xml:33:22-77
33    <uses-permission android:name="android.permission.GET_ACCOUNTS" />
33-->src\main\AndroidManifest.xml:34:5-71
33-->src\main\AndroidManifest.xml:34:22-68
34    <uses-permission android:name="android.permission.USE_CREDENTIALS" />
34-->src\main\AndroidManifest.xml:35:5-74
34-->src\main\AndroidManifest.xml:35:22-71
35    <uses-permission android:name="android.permission.RECEIVE_BOOT_COMPLETED" />
35-->src\main\AndroidManifest.xml:36:5-81
35-->src\main\AndroidManifest.xml:36:22-78
36    <!-- 获取手机录音机使用权限，听写、识别、语义理解需要用到此权限 -->
37    <uses-permission android:name="android.permission.RECORD_AUDIO" />
37-->src\main\AndroidManifest.xml:38:5-71
37-->src\main\AndroidManifest.xml:38:22-68
38    <!-- 读取网络信息状态 -->
39    <uses-permission android:name="android.permission.ACCESS_NETWORK_STATE" />
39-->src\main\AndroidManifest.xml:40:5-79
39-->src\main\AndroidManifest.xml:40:22-76
40    <!-- 获取当前wifi状态 -->
41    <uses-permission android:name="android.permission.ACCESS_WIFI_STATE" />
41-->src\main\AndroidManifest.xml:42:5-76
41-->src\main\AndroidManifest.xml:42:22-73
42    <!-- 允许程序改变网络连接状态 -->
43    <uses-permission android:name="android.permission.CHANGE_NETWORK_STATE" />
43-->src\main\AndroidManifest.xml:44:5-78
43-->src\main\AndroidManifest.xml:44:22-76
44    <!-- 读取手机信息权限 -->
45    <uses-permission android:name="android.permission.READ_PHONE_STATE" />
45-->src\main\AndroidManifest.xml:46:5-74
45-->src\main\AndroidManifest.xml:46:22-72
46    <!-- 读取联系人权限，上传联系人需要用到此权限 -->
47    <uses-permission android:name="android.permission.READ_CONTACTS" />
47-->src\main\AndroidManifest.xml:31:5-72
47-->src\main\AndroidManifest.xml:31:22-69
48    <!-- 外存储写权限，构建语法需要用到此权限 -->
49    <uses-permission android:name="android.permission.WRITE_EXTERNAL_STORAGE" />
49-->src\main\AndroidManifest.xml:27:5-81
49-->src\main\AndroidManifest.xml:27:22-78
50    <!-- 外存储读权限，构建语法需要用到此权限 -->
51    <uses-permission android:name="android.permission.READ_EXTERNAL_STORAGE" />
51-->src\main\AndroidManifest.xml:52:5-79
51-->src\main\AndroidManifest.xml:52:22-77
52    <!-- 配置权限，用来记录应用配置信息 -->
53    <uses-permission android:name="android.permission.WRITE_SETTINGS" />
53-->src\main\AndroidManifest.xml:54:5-55:47
53-->src\main\AndroidManifest.xml:54:22-70
54    <!-- 手机定位信息，用来为语义等功能提供定位，提供更精准的服务 -->
55    <!-- 定位信息是敏感信息，可通过Setting.setLocationEnable(false)关闭定位请求 -->
56    <uses-permission android:name="android.permission.ACCESS_FINE_LOCATION" />
56-->src\main\AndroidManifest.xml:58:5-78
56-->src\main\AndroidManifest.xml:58:22-76
57
58    <application
58-->src\main\AndroidManifest.xml:64:5-178:19
59        android:appComponentFactory="androidx.core.app.CoreComponentFactory"
59-->[androidx.core:core:1.6.0] AndroidManifest.xml:24:18-86
60        android:debuggable="true"
61        android:extractNativeLibs="true"
62        android:icon="@drawable/icon_app"
62-->src\main\AndroidManifest.xml:65:9-42
63        android:label="@string/app_name"
63-->src\main\AndroidManifest.xml:66:9-41
64        android:testOnly="true" >
65        <activity
65-->src\main\AndroidManifest.xml:67:9-80:20
66            android:name="net.micode.notes.ui.NotesListActivity"
66-->src\main\AndroidManifest.xml:68:13-49
67            android:configChanges="keyboardHidden|orientation|screenSize"
67-->src\main\AndroidManifest.xml:69:13-74
68            android:label="@string/app_name"
68-->src\main\AndroidManifest.xml:70:13-45
69            android:launchMode="singleTop"
69-->src\main\AndroidManifest.xml:71:13-43
70            android:theme="@style/NoteTheme"
70-->src\main\AndroidManifest.xml:72:13-45
71            android:uiOptions="splitActionBarWhenNarrow"
71-->src\main\AndroidManifest.xml:73:13-57
72            android:windowSoftInputMode="adjustPan" >
72-->src\main\AndroidManifest.xml:74:13-52
73            <intent-filter>
73-->src\main\AndroidManifest.xml:76:13-79:29
74                <action android:name="android.intent.action.MAIN" />
74-->src\main\AndroidManifest.xml:77:17-69
74-->src\main\AndroidManifest.xml:77:25-66
75
76                <category android:name="android.intent.category.LAUNCHER" />
76-->src\main\AndroidManifest.xml:78:17-77
76-->src\main\AndroidManifest.xml:78:27-74
77            </intent-filter>
78        </activity>
79        <activity
79-->src\main\AndroidManifest.xml:82:9-110:20
80            android:name="net.micode.notes.ui.NoteEditActivity"
80-->src\main\AndroidManifest.xml:83:13-48
81            android:configChanges="keyboardHidden|orientation|screenSize"
81-->src\main\AndroidManifest.xml:84:13-74
82            android:launchMode="singleTop"
82-->src\main\AndroidManifest.xml:85:13-43
83            android:theme="@style/NoteTheme" >
83-->src\main\AndroidManifest.xml:86:13-45
84            <intent-filter>
84-->src\main\AndroidManifest.xml:88:13-93:29
85                <action android:name="android.intent.action.VIEW" />
85-->src\main\AndroidManifest.xml:89:17-69
85-->src\main\AndroidManifest.xml:89:25-66
86
87                <category android:name="android.intent.category.DEFAULT" />
87-->src\main\AndroidManifest.xml:90:17-76
87-->src\main\AndroidManifest.xml:90:27-73
88
89                <data android:mimeType="vnd.android.cursor.item/text_note" />
89-->src\main\AndroidManifest.xml:91:17-78
89-->src\main\AndroidManifest.xml:91:23-75
90                <data android:mimeType="vnd.android.cursor.item/call_note" />
90-->src\main\AndroidManifest.xml:91:17-78
90-->src\main\AndroidManifest.xml:91:23-75
91            </intent-filter>
92            <intent-filter>
92-->src\main\AndroidManifest.xml:95:13-100:29
93                <action android:name="android.intent.action.INSERT_OR_EDIT" />
93-->src\main\AndroidManifest.xml:96:17-79
93-->src\main\AndroidManifest.xml:96:25-76
94
95                <category android:name="android.intent.category.DEFAULT" />
95-->src\main\AndroidManifest.xml:90:17-76
95-->src\main\AndroidManifest.xml:90:27-73
96
97                <data android:mimeType="vnd.android.cursor.item/text_note" />
97-->src\main\AndroidManifest.xml:91:17-78
97-->src\main\AndroidManifest.xml:91:23-75
98                <data android:mimeType="vnd.android.cursor.item/call_note" />
98-->src\main\AndroidManifest.xml:91:17-78
98-->src\main\AndroidManifest.xml:91:23-75
99            </intent-filter>
100            <intent-filter>
100-->src\main\AndroidManifest.xml:102:13-105:29
101                <action android:name="android.intent.action.SEARCH" />
101-->src\main\AndroidManifest.xml:103:17-71
101-->src\main\AndroidManifest.xml:103:25-68
102
103                <category android:name="android.intent.category.DEFAULT" />
103-->src\main\AndroidManifest.xml:90:17-76
103-->src\main\AndroidManifest.xml:90:27-73
104            </intent-filter>
105
106            <meta-data
106-->src\main\AndroidManifest.xml:107:13-109:54
107                android:name="android.app.searchable"
107-->src\main\AndroidManifest.xml:108:17-54
108                android:resource="@xml/searchable" />
108-->src\main\AndroidManifest.xml:109:17-51
109        </activity>
110
111        <provider
111-->src\main\AndroidManifest.xml:112:9-115:43
112            android:name="net.micode.notes.data.NotesProvider"
112-->src\main\AndroidManifest.xml:113:13-63
113            android:authorities="micode_notes"
113-->src\main\AndroidManifest.xml:114:13-47
114            android:multiprocess="true" />
114-->src\main\AndroidManifest.xml:115:13-40
115
116        <receiver
116-->src\main\AndroidManifest.xml:117:9-129:20
117            android:name="net.micode.notes.widget.NoteWidgetProvider_2x"
117-->src\main\AndroidManifest.xml:118:13-57
118            android:label="@string/app_widget2x2" >
118-->src\main\AndroidManifest.xml:119:13-50
119            <intent-filter>
119-->src\main\AndroidManifest.xml:120:13-124:29
120                <action android:name="android.appwidget.action.APPWIDGET_UPDATE" />
120-->src\main\AndroidManifest.xml:121:17-84
120-->src\main\AndroidManifest.xml:121:25-81
121                <action android:name="android.appwidget.action.APPWIDGET_DELETED" />
121-->src\main\AndroidManifest.xml:122:17-85
121-->src\main\AndroidManifest.xml:122:25-82
122                <action android:name="android.intent.action.PRIVACY_MODE_CHANGED" />
122-->src\main\AndroidManifest.xml:123:17-85
122-->src\main\AndroidManifest.xml:123:25-82
123            </intent-filter>
124
125            <meta-data
125-->src\main\AndroidManifest.xml:126:13-128:58
126                android:name="android.appwidget.provider"
126-->src\main\AndroidManifest.xml:127:17-58
127                android:resource="@xml/widget_2x_info" />
127-->src\main\AndroidManifest.xml:128:17-55
128        </receiver>
129        <receiver
129-->src\main\AndroidManifest.xml:130:9-143:20
130            android:name="net.micode.notes.widget.NoteWidgetProvider_4x"
130-->src\main\AndroidManifest.xml:131:13-57
131            android:label="@string/app_widget4x4" >
131-->src\main\AndroidManifest.xml:132:13-50
132            <intent-filter>
132-->src\main\AndroidManifest.xml:120:13-124:29
133                <action android:name="android.appwidget.action.APPWIDGET_UPDATE" />
133-->src\main\AndroidManifest.xml:121:17-84
133-->src\main\AndroidManifest.xml:121:25-81
134                <action android:name="android.appwidget.action.APPWIDGET_DELETED" />
134-->src\main\AndroidManifest.xml:122:17-85
134-->src\main\AndroidManifest.xml:122:25-82
135                <action android:name="android.intent.action.PRIVACY_MODE_CHANGED" />
135-->src\main\AndroidManifest.xml:123:17-85
135-->src\main\AndroidManifest.xml:123:25-82
136            </intent-filter>
137
138            <meta-data
138-->src\main\AndroidManifest.xml:126:13-128:58
139                android:name="android.appwidget.provider"
139-->src\main\AndroidManifest.xml:127:17-58
140                android:resource="@xml/widget_4x_info" />
140-->src\main\AndroidManifest.xml:128:17-55
141        </receiver>
142        <receiver android:name="net.micode.notes.ui.AlarmInitReceiver" >
142-->src\main\AndroidManifest.xml:145:9-149:20
142-->src\main\AndroidManifest.xml:145:19-55
143            <intent-filter>
143-->src\main\AndroidManifest.xml:146:13-148:29
144                <action android:name="android.intent.action.BOOT_COMPLETED" />
144-->src\main\AndroidManifest.xml:147:17-79
144-->src\main\AndroidManifest.xml:147:25-76
145            </intent-filter>
146        </receiver>
147        <receiver
147-->src\main\AndroidManifest.xml:151:9-154:20
148            android:name="net.micode.notes.ui.AlarmReceiver"
148-->src\main\AndroidManifest.xml:152:13-61
149            android:process=":remote" >
149-->src\main\AndroidManifest.xml:153:13-38
150        </receiver>
151
152        <activity
152-->src\main\AndroidManifest.xml:156:9-161:20
153            android:name="net.micode.notes.ui.AlarmAlertActivity"
153-->src\main\AndroidManifest.xml:157:13-50
154            android:label="@string/app_name"
154-->src\main\AndroidManifest.xml:158:13-45
155            android:launchMode="singleInstance"
155-->src\main\AndroidManifest.xml:159:13-48
156            android:theme="@android:style/Theme.Holo.Wallpaper.NoTitleBar" >
156-->src\main\AndroidManifest.xml:160:13-75
157        </activity>
158        <activity
158-->src\main\AndroidManifest.xml:163:9-168:20
159            android:name="net.micode.notes.ui.NotesPreferenceActivity"
159-->src\main\AndroidManifest.xml:164:13-71
160            android:label="@string/preferences_title"
160-->src\main\AndroidManifest.xml:165:13-54
161            android:launchMode="singleTop"
161-->src\main\AndroidManifest.xml:166:13-43
162            android:theme="@android:style/Theme.Holo.Light" >
162-->src\main\AndroidManifest.xml:167:13-60
163        </activity>
164
165        <service
165-->src\main\AndroidManifest.xml:170:9-173:19
166            android:name="net.micode.notes.gtask.remote.GTaskSyncService"
166-->src\main\AndroidManifest.xml:171:13-74
167            android:exported="false" >
167-->src\main\AndroidManifest.xml:172:13-37
168        </service>
169
170        <meta-data
170-->src\main\AndroidManifest.xml:175:9-177:52
171            android:name="android.app.default_searchable"
171-->src\main\AndroidManifest.xml:176:13-58
172            android:value=".ui.NoteEditActivity" />
172-->src\main\AndroidManifest.xml:177:13-49
173    </application>
174
175</manifest>